<?xml version="1.0" encoding="UTF-8"?>
<testng-results ignored="0" total="2" passed="2" failed="0" skipped="0">
  <reporter-output>
  </reporter-output>
  <suite started-at="2026-04-06T07:43:17 IST" name="Automation Suite" finished-at="2026-04-06T07:43:43 IST" duration-ms="26291">
    <groups>
    </groups>
    <test started-at="2026-04-06T07:43:17 IST" name="Login Tests" finished-at="2026-04-06T07:43:43 IST" duration-ms="26291">
      <class name="tests.BookingTest">
        <test-method is-config="true" signature="launchBrowser(java.lang.String)[pri:0, instance:tests.BookingTest@5f058f00]" started-at="2026-04-06T07:43:19 IST" name="launchBrowser" finished-at="2026-04-06T07:43:28 IST" duration-ms="9535" status="PASS">
          <params>
            <param index="0">
              <value>
                <![CDATA[chrome]]>
              </value>
            </param>
          </params>
          <reporter-output>
          </reporter-output>
        </test-method> <!-- launchBrowser -->
        <test-method signature="completeBookingTest(java.lang.String,java.lang.String,java.lang.String,java.lang.String,java.lang.String,java.lang.String,java.lang.String,java.lang.String,java.lang.String)[pri:0, instance:tests.BookingTest@5f058f00]" started-at="2026-04-06T07:43:28 IST" name="completeBookingTest" data-provider="bookingData" finished-at="2026-04-06T07:43:35 IST" duration-ms="6770" status="PASS">
          <params>
            <param index="0">
              <value>
                <![CDATA[Boston]]>
              </value>
            </param>
            <param index="1">
              <value>
                <![CDATA[London]]>
              </value>
            </param>
            <param index="2">
              <value>
                <![CDATA[Bhavani]]>
              </value>
            </param>
            <param index="3">
              <value>
                <![CDATA[Bangalore]]>
              </value>
            </param>
            <param index="4">
              <value>
                <![CDATA[Bangalore]]>
              </value>
            </param>
            <param index="5">
              <value>
                <![CDATA[KA]]>
              </value>
            </param>
            <param index="6">
              <value>
                <![CDATA[560001.0]]>
              </value>
            </param>
            <param index="7">
              <value>
                <![CDATA[1.23456789012E11]]>
              </value>
            </param>
            <param index="8">
              <value>
                <![CDATA[Bhavani]]>
              </value>
            </param>
          </params>
          <reporter-output>
          </reporter-output>
        </test-method> <!-- completeBookingTest -->
        <test-method is-config="true" signature="closeBrowser()[pri:0, instance:tests.BookingTest@5f058f00]" started-at="2026-04-06T07:43:35 IST" name="closeBrowser" finished-at="2026-04-06T07:43:35 IST" duration-ms="0" status="PASS">
          <reporter-output>
          </reporter-output>
        </test-method> <!-- closeBrowser -->
        <test-method is-config="true" signature="launchBrowser(java.lang.String)[pri:0, instance:tests.BookingTest@5f058f00]" started-at="2026-04-06T07:43:35 IST" name="launchBrowser" finished-at="2026-04-06T07:43:39 IST" duration-ms="4170" status="PASS">
          <params>
            <param index="0">
              <value>
                <![CDATA[chrome]]>
              </value>
            </param>
          </params>
          <reporter-output>
          </reporter-output>
        </test-method> <!-- launchBrowser -->
        <test-method signature="completeBookingTest(java.lang.String,java.lang.String,java.lang.String,java.lang.String,java.lang.String,java.lang.String,java.lang.String,java.lang.String,java.lang.String)[pri:0, instance:tests.BookingTest@5f058f00]" started-at="2026-04-06T07:43:39 IST" name="completeBookingTest" data-provider="bookingData" finished-at="2026-04-06T07:43:43 IST" duration-ms="3524" status="PASS">
          <params>
            <param index="0">
              <value>
                <![CDATA[Paris]]>
              </value>
            </param>
            <param index="1">
              <value>
                <![CDATA[Rome]]>
              </value>
            </param>
            <param index="2">
              <value>
                <![CDATA[User2]]>
              </value>
            </param>
            <param index="3">
              <value>
                <![CDATA[Delhi]]>
              </value>
            </param>
            <param index="4">
              <value>
                <![CDATA[Delhi]]>
              </value>
            </param>
            <param index="5">
              <value>
                <![CDATA[DL]]>
              </value>
            </param>
            <param index="6">
              <value>
                <![CDATA[110001.0]]>
              </value>
            </param>
            <param index="7">
              <value>
                <![CDATA[9.87654321012E11]]>
              </value>
            </param>
            <param index="8">
              <value>
                <![CDATA[User2]]>
              </value>
            </param>
          </params>
          <reporter-output>
          </reporter-output>
        </test-method> <!-- completeBookingTest -->
        <test-method is-config="true" signature="closeBrowser()[pri:0, instance:tests.BookingTest@5f058f00]" started-at="2026-04-06T07:43:43 IST" name="closeBrowser" finished-at="2026-04-06T07:43:43 IST" duration-ms="10" status="PASS">
          <reporter-output>
          </reporter-output>
        </test-method> <!-- closeBrowser -->
      </class> <!-- tests.BookingTest -->
    </test> <!-- Login Tests -->
  </suite> <!-- Automation Suite -->
</testng-results>
