<?xml version="1.0" encoding="UTF-8"?>
<!-- Generated by org.testng.reporters.JUnitXMLReporter -->
<testsuite ignored="0" hostname="DESKTOP-6C3F517" failures="0" tests="2" name="Tests" time="1.618" errors="0" timestamp="2026-04-06T08:53:31 IST">
  <testcase classname="base.BaseClass" name="@BeforeMethod launchBrowser" time="-1.77544581141E9">
    <failure type="org.testng.TestNGException" message="
Parameter &amp;apos;browser&amp;apos; is required by BeforeMethod on method launchBrowser but has not been marked @Optional or defined
in C:\Users\admin\myprojects-eclipse-workspace\Project2-AirlineEndToEnd\src\test\resources\testng.xml">
      <![CDATA[org.testng.TestNGException: 
Parameter 'browser' is required by BeforeMethod on method launchBrowser but has not been marked @Optional or defined
in C:\Users\admin\myprojects-eclipse-workspace\Project2-AirlineEndToEnd\src\test\resources\testng.xml
at java.base/java.util.ArrayList.forEach(ArrayList.java:1596)
... Removed 28 stack frames]]>
    </failure>
  </testcase> <!-- @BeforeMethod launchBrowser -->
  <testcase classname="base.BaseClass" name="@AfterMethod closeBrowser" time="0.0">
    <skipped/>
  </testcase> <!-- @AfterMethod closeBrowser -->
  <testcase classname="base.BaseClass" name="@BeforeMethod launchBrowser" time="0.0">
    <skipped/>
  </testcase> <!-- @BeforeMethod launchBrowser -->
  <testcase classname="base.BaseClass" name="@AfterMethod closeBrowser" time="0.0">
    <skipped/>
  </testcase> <!-- @AfterMethod closeBrowser -->
  <testcase classname="tests.BookingTest" name="completeBookingTest" time="0.0">
    <skipped/>
  </testcase> <!-- completeBookingTest -->
  <testcase classname="tests.BookingTest" name="completeBookingTest" time="0.001">
    <skipped/>
  </testcase> <!-- completeBookingTest -->
</testsuite> <!-- Tests -->
