<?xml version="1.0" encoding="UTF-8"?>
<testng-results ignored="0" total="3" passed="3" failed="0" skipped="0">
  <reporter-output>
  </reporter-output>
  <suite started-at="2026-04-06T10:00:44 IST" name="Automation Suite" finished-at="2026-04-06T10:01:34 IST" duration-ms="50302">
    <groups>
    </groups>
    <test started-at="2026-04-06T10:00:44 IST" name="Login Tests" finished-at="2026-04-06T10:01:12 IST" duration-ms="28003">
      <class name="tests.BookingTest">
        <test-method is-config="true" signature="launchBrowser(java.lang.String,java.lang.String)[pri:0, instance:tests.BookingTest@3fc2959f]" started-at="2026-04-06T10:00:47 IST" name="launchBrowser" finished-at="2026-04-06T10:00:55 IST" duration-ms="8654" status="PASS">
          <params>
            <param index="0">
              <value>
                <![CDATA[chrome]]>
              </value>
            </param>
            <param index="1">
              <value>
                <![CDATA[https://blazedemo.com/]]>
              </value>
            </param>
          </params>
          <reporter-output>
          </reporter-output>
        </test-method> <!-- launchBrowser -->
        <test-method signature="completeBookingTest(java.lang.String,java.lang.String,java.lang.String,java.lang.String,java.lang.String,java.lang.String,java.lang.String,java.lang.String,java.lang.String)[pri:0, instance:tests.BookingTest@3fc2959f]" started-at="2026-04-06T10:00:55 IST" name="completeBookingTest" data-provider="bookingData" finished-at="2026-04-06T10:01:00 IST" duration-ms="4689" status="PASS">
          <params>
            <param index="0">
              <value>
                <![CDATA[Boston]]>
              </value>
            </param>
            <param index="1">
              <value>
                <![CDATA[London]]>
              </value>
            </param>
            <param index="2">
              <value>
                <![CDATA[Bhavani]]>
              </value>
            </param>
            <param index="3">
              <value>
                <![CDATA[Bangalore]]>
              </value>
            </param>
            <param index="4">
              <value>
                <![CDATA[Bangalore]]>
              </value>
            </param>
            <param index="5">
              <value>
                <![CDATA[KA]]>
              </value>
            </param>
            <param index="6">
              <value>
                <![CDATA[560001.0]]>
              </value>
            </param>
            <param index="7">
              <value>
                <![CDATA[1.23456789012E11]]>
              </value>
            </param>
            <param index="8">
              <value>
                <![CDATA[Bhavani]]>
              </value>
            </param>
          </params>
          <reporter-output>
          </reporter-output>
        </test-method> <!-- completeBookingTest -->
        <test-method is-config="true" signature="launchBrowser(java.lang.String,java.lang.String)[pri:0, instance:tests.BookingTest@3fc2959f]" started-at="2026-04-06T10:01:00 IST" name="launchBrowser" finished-at="2026-04-06T10:01:05 IST" duration-ms="5207" status="PASS">
          <params>
            <param index="0">
              <value>
                <![CDATA[chrome]]>
              </value>
            </param>
            <param index="1">
              <value>
                <![CDATA[https://blazedemo.com/]]>
              </value>
            </param>
          </params>
          <reporter-output>
          </reporter-output>
        </test-method> <!-- launchBrowser -->
        <test-method is-config="true" signature="closeBrowser()[pri:0, instance:tests.BookingTest@3fc2959f]" started-at="2026-04-06T10:01:00 IST" name="closeBrowser" finished-at="2026-04-06T10:01:00 IST" duration-ms="0" status="PASS">
          <reporter-output>
          </reporter-output>
        </test-method> <!-- closeBrowser -->
        <test-method signature="completeBookingTest(java.lang.String,java.lang.String,java.lang.String,java.lang.String,java.lang.String,java.lang.String,java.lang.String,java.lang.String,java.lang.String)[pri:0, instance:tests.BookingTest@3fc2959f]" started-at="2026-04-06T10:01:05 IST" name="completeBookingTest" data-provider="bookingData" finished-at="2026-04-06T10:01:12 IST" duration-ms="6440" status="PASS">
          <params>
            <param index="0">
              <value>
                <![CDATA[Paris]]>
              </value>
            </param>
            <param index="1">
              <value>
                <![CDATA[Rome]]>
              </value>
            </param>
            <param index="2">
              <value>
                <![CDATA[User2]]>
              </value>
            </param>
            <param index="3">
              <value>
                <![CDATA[Delhi]]>
              </value>
            </param>
            <param index="4">
              <value>
                <![CDATA[Delhi]]>
              </value>
            </param>
            <param index="5">
              <value>
                <![CDATA[DL]]>
              </value>
            </param>
            <param index="6">
              <value>
                <![CDATA[110001.0]]>
              </value>
            </param>
            <param index="7">
              <value>
                <![CDATA[9.87654321012E11]]>
              </value>
            </param>
            <param index="8">
              <value>
                <![CDATA[User2]]>
              </value>
            </param>
          </params>
          <reporter-output>
          </reporter-output>
        </test-method> <!-- completeBookingTest -->
        <test-method is-config="true" signature="closeBrowser()[pri:0, instance:tests.BookingTest@3fc2959f]" started-at="2026-04-06T10:01:12 IST" name="closeBrowser" finished-at="2026-04-06T10:01:12 IST" duration-ms="0" status="PASS">
          <reporter-output>
          </reporter-output>
        </test-method> <!-- closeBrowser -->
      </class> <!-- tests.BookingTest -->
    </test> <!-- Login Tests -->
    <test started-at="2026-04-06T10:01:12 IST" name="Booking Tests" finished-at="2026-04-06T10:01:34 IST" duration-ms="22259">
      <class name="tests.ClearTripTestClass">
        <test-method is-config="true" signature="launchBrowser(java.lang.String,java.lang.String)[pri:0, instance:tests.ClearTripTestClass@1e178745]" started-at="2026-04-06T10:01:12 IST" name="launchBrowser" finished-at="2026-04-06T10:01:20 IST" duration-ms="7665" status="PASS">
          <params>
            <param index="0">
              <value>
                <![CDATA[chrome]]>
              </value>
            </param>
            <param index="1">
              <value>
                <![CDATA[https://www.cleartrip.com/]]>
              </value>
            </param>
          </params>
          <reporter-output>
          </reporter-output>
        </test-method> <!-- launchBrowser -->
        <test-method signature="dateSelectionForBooking_Return()[pri:0, instance:tests.ClearTripTestClass@1e178745]" started-at="2026-04-06T10:01:20 IST" name="dateSelectionForBooking_Return" finished-at="2026-04-06T10:01:34 IST" duration-ms="14401" status="PASS">
          <reporter-output>
          </reporter-output>
        </test-method> <!-- dateSelectionForBooking_Return -->
        <test-method is-config="true" signature="closeBrowser()[pri:0, instance:tests.ClearTripTestClass@1e178745]" started-at="2026-04-06T10:01:34 IST" name="closeBrowser" finished-at="2026-04-06T10:01:34 IST" duration-ms="4" status="PASS">
          <reporter-output>
          </reporter-output>
        </test-method> <!-- closeBrowser -->
      </class> <!-- tests.ClearTripTestClass -->
    </test> <!-- Booking Tests -->
  </suite> <!-- Automation Suite -->
</testng-results>
