<?xml version="1.0" encoding="UTF-8"?>
<!-- Generated by org.testng.reporters.JUnitReportReporter -->
<testsuite hostname="DESKTOP-6C3F517" failures="0" tests="1" name="tests.TC1_RegisterForNewAccount" time="9.464" errors="0" timestamp="2026-03-28T14:56:15 IST" skipped="0">
  <testcase classname="tests.TC1_RegisterForNewAccount" name="registerUser" time="9.464">
    <system-out>
      <![CDATA[hover over is done]]>
    </system-out>
  </testcase> <!-- registerUser -->
  <system-out>
    <![CDATA[hover over is done]]>
  </system-out>
</testsuite> <!-- tests.TC1_RegisterForNewAccount -->
